<?xml version="1.0" encoding="UTF-8"?>
<testng-results ignored="0" total="3" passed="3" failed="0" skipped="0">
  <reporter-output>
  </reporter-output>
  <suite started-at="2022-01-21T16:36:10 IST" name="Suite" finished-at="2022-01-21T16:36:38 IST" duration-ms="28658">
    <groups>
    </groups>
    <test started-at="2022-01-21T16:36:10 IST" name="Test" finished-at="2022-01-21T16:36:38 IST" duration-ms="28658">
      <class name="Basic.DataProviderDemo">
        <test-method is-config="true" signature="launch()[pri:0, instance:Basic.DataProviderDemo@3e58a80e]" started-at="2022-01-21T16:36:10 IST" name="launch" finished-at="2022-01-21T16:36:30 IST" duration-ms="20894" status="PASS">
          <reporter-output>
          </reporter-output>
        </test-method> <!-- launch -->
        <test-method signature="login(java.lang.String,java.lang.String)[pri:0, instance:Basic.DataProviderDemo@3e58a80e]" started-at="2022-01-21T16:36:34 IST" name="login" data-provider="test1data" finished-at="2022-01-21T16:36:34 IST" duration-ms="8" status="PASS">
          <params>
            <param index="0">
              <value>
                <![CDATA[use1]]>
              </value>
            </param>
            <param index="1">
              <value>
                <![CDATA[pass1]]>
              </value>
            </param>
          </params>
          <reporter-output>
          </reporter-output>
        </test-method> <!-- login -->
        <test-method signature="login(java.lang.String,java.lang.String)[pri:0, instance:Basic.DataProviderDemo@3e58a80e]" started-at="2022-01-21T16:36:34 IST" name="login" data-provider="test1data" finished-at="2022-01-21T16:36:34 IST" duration-ms="0" status="PASS">
          <params>
            <param index="0">
              <value>
                <![CDATA[use2]]>
              </value>
            </param>
            <param index="1">
              <value>
                <![CDATA[pass2]]>
              </value>
            </param>
          </params>
          <reporter-output>
          </reporter-output>
        </test-method> <!-- login -->
        <test-method signature="test1()[pri:0, instance:Basic.DataProviderDemo@3e58a80e]" started-at="2022-01-21T16:36:34 IST" name="test1" finished-at="2022-01-21T16:36:34 IST" duration-ms="0" status="PASS">
          <reporter-output>
          </reporter-output>
        </test-method> <!-- test1 -->
        <test-method is-config="true" signature="close()[pri:0, instance:Basic.DataProviderDemo@3e58a80e]" started-at="2022-01-21T16:36:34 IST" name="close" finished-at="2022-01-21T16:36:38 IST" duration-ms="4590" status="PASS">
          <reporter-output>
          </reporter-output>
        </test-method> <!-- close -->
      </class> <!-- Basic.DataProviderDemo -->
    </test> <!-- Test -->
  </suite> <!-- Suite -->
</testng-results>
