<?xml version="1.0" encoding="UTF-8"?>
<testng-results ignored="0" total="2" passed="2" failed="0" skipped="0">
  <reporter-output>
  </reporter-output>
  <suite started-at="2021-12-16T12:39:22 IST" name="Suite" finished-at="2021-12-16T12:39:25 IST" duration-ms="2166">
    <groups>
    </groups>
    <test started-at="2021-12-16T12:39:22 IST" name="Test" finished-at="2021-12-16T12:39:25 IST" duration-ms="2166">
      <class name="Basic.DataProviderDemo">
        <test-method signature="login(java.lang.String,java.lang.String)[pri:0, instance:Basic.DataProviderDemo@8297b3a]" started-at="2021-12-16T12:39:25 IST" name="login" data-provider="test1data" finished-at="2021-12-16T12:39:25 IST" duration-ms="12" status="PASS">
          <params>
            <param index="0">
              <value>
                <![CDATA[use1]]>
              </value>
            </param>
            <param index="1">
              <value>
                <![CDATA[pass1]]>
              </value>
            </param>
          </params>
          <reporter-output>
          </reporter-output>
        </test-method> <!-- login -->
        <test-method signature="login(java.lang.String,java.lang.String)[pri:0, instance:Basic.DataProviderDemo@8297b3a]" started-at="2021-12-16T12:39:25 IST" name="login" data-provider="test1data" finished-at="2021-12-16T12:39:25 IST" duration-ms="2" status="PASS">
          <params>
            <param index="0">
              <value>
                <![CDATA[use2]]>
              </value>
            </param>
            <param index="1">
              <value>
                <![CDATA[pass2]]>
              </value>
            </param>
          </params>
          <reporter-output>
          </reporter-output>
        </test-method> <!-- login -->
      </class> <!-- Basic.DataProviderDemo -->
    </test> <!-- Test -->
  </suite> <!-- Suite -->
</testng-results>
